
**** Build of configuration Debug for project Cube ****

make all 
Building file: ../cube.cpp
Invoking: Cross G++ Compiler
g++ -O0 -g3 -Wall -c -fmessage-length=0 -MMD -MP -MF"cube.d" -MT"cube.d" -o "cube.o" "../cube.cpp"
Finished building: ../cube.cpp
 
Building target: Cube
Invoking: Cross G++ Linker
g++  -o "Cube"  ./cube.o   
../cube.cpp:12: error: undefined reference to 'glClearColor'
../cube.cpp:13: error: undefined reference to 'glShadeModel'
../cube.cpp:17: error: undefined reference to 'glClear'
../cube.cpp:19: error: undefined reference to 'glColor3f'
../cube.cpp:20: error: undefined reference to 'glLoadIdentity'
../cube.cpp:23: error: undefined reference to 'gluLookAt'
../cube.cpp:24: error: undefined reference to 'glScalef'
../cube.cpp:25: error: undefined reference to 'glRotatef'
../cube.cpp:26: error: undefined reference to 'glRotatef'
../cube.cpp:27: error: undefined reference to 'glRotatef'
../cube.cpp:28: error: undefined reference to 'glutWireCube'
../cube.cpp:29: error: undefined reference to 'glFlush'
../cube.cpp:33: error: undefined reference to 'glViewport'
../cube.cpp:35: error: undefined reference to 'glMatrixMode'
../cube.cpp:36: error: undefined reference to 'glLoadIdentity'
../cube.cpp:41: error: undefined reference to 'glFrustum'
../cube.cpp:42: error: undefined reference to 'glMatrixMode'
../cube.cpp:48: error: undefined reference to 'glutDestroyWindow'
../cube.cpp:74: error: undefined reference to 'glutPostRedisplay'
../cube.cpp:79: error: undefined reference to 'glutInit'
../cube.cpp:80: error: undefined reference to 'glutInitDisplayMode'
../cube.cpp:81: error: undefined reference to 'glutInitWindowSize'
../cube.cpp:82: error: undefined reference to 'glutInitWindowPosition'
../cube.cpp:83: error: undefined reference to 'glutCreateWindow'
../cube.cpp:85: error: undefined reference to 'glutDisplayFunc'
../cube.cpp:86: error: undefined reference to 'glutKeyboardFunc'
../cube.cpp:87: error: undefined reference to 'glutReshapeFunc'
../cube.cpp:88: error: undefined reference to 'glutMainLoop'
collect2: ld returned 1 exit status
make: *** [Cube] Error 1

**** Build Finished ****
